{"/Users/nag-training/Desktop/example-apps/PM/app.js": {"path":"/Users/nag-training/Desktop/example-apps/PM/app.js","statementMap":{"0":{"start":{"line":1,"column":18},"end":{"line":1,"column":40}},"1":{"start":{"line":2,"column":14},"end":{"line":2,"column":32}},"2":{"start":{"line":3,"column":11},"end":{"line":3,"column":26}},"3":{"start":{"line":4,"column":19},"end":{"line":4,"column":43}},"4":{"start":{"line":5,"column":13},"end":{"line":5,"column":30}},"5":{"start":{"line":6,"column":15},"end":{"line":6,"column":34}},"6":{"start":{"line":7,"column":15},"end":{"line":7,"column":34}},"7":{"start":{"line":8,"column":14},"end":{"line":8,"column":40}},"8":{"start":{"line":10,"column":18},"end":{"line":10,"column":43}},"9":{"start":{"line":11,"column":18},"end":{"line":11,"column":43}},"10":{"start":{"line":12,"column":21},"end":{"line":12,"column":49}},"11":{"start":{"line":14,"column":10},"end":{"line":14,"column":19}},"12":{"start":{"line":18,"column":0},"end":{"line":22,"column":4}},"13":{"start":{"line":24,"column":0},"end":{"line":24,"column":39}},"14":{"start":{"line":25,"column":0},"end":{"line":25,"column":31}},"15":{"start":{"line":26,"column":0},"end":{"line":26,"column":28}},"16":{"start":{"line":29,"column":10},"end":{"line":29,"column":75}},"17":{"start":{"line":30,"column":0},"end":{"line":36,"column":4}},"18":{"start":{"line":32,"column":4},"end":{"line":32,"column":42}},"19":{"start":{"line":35,"column":4},"end":{"line":35,"column":55}},"20":{"start":{"line":40,"column":0},"end":{"line":43,"column":3}},"21":{"start":{"line":41,"column":2},"end":{"line":41,"column":37}},"22":{"start":{"line":42,"column":2},"end":{"line":42,"column":9}},"23":{"start":{"line":47,"column":0},"end":{"line":47,"column":48}},"24":{"start":{"line":48,"column":0},"end":{"line":48,"column":30}},"25":{"start":{"line":50,"column":0},"end":{"line":50,"column":23}},"26":{"start":{"line":51,"column":0},"end":{"line":51,"column":24}},"27":{"start":{"line":52,"column":0},"end":{"line":52,"column":49}},"28":{"start":{"line":53,"column":0},"end":{"line":53,"column":24}},"29":{"start":{"line":54,"column":0},"end":{"line":54,"column":56}},"30":{"start":{"line":56,"column":0},"end":{"line":56,"column":26}},"31":{"start":{"line":57,"column":0},"end":{"line":57,"column":31}},"32":{"start":{"line":58,"column":0},"end":{"line":58,"column":37}},"33":{"start":{"line":61,"column":0},"end":{"line":63,"column":3}},"34":{"start":{"line":62,"column":2},"end":{"line":62,"column":25}},"35":{"start":{"line":66,"column":0},"end":{"line":74,"column":3}},"36":{"start":{"line":68,"column":2},"end":{"line":68,"column":35}},"37":{"start":{"line":69,"column":2},"end":{"line":69,"column":69}},"38":{"start":{"line":72,"column":2},"end":{"line":72,"column":32}},"39":{"start":{"line":73,"column":2},"end":{"line":73,"column":22}},"40":{"start":{"line":76,"column":0},"end":{"line":76,"column":21}}},"fnMap":{"0":{"name":"(anonymous_0)","decl":{"start":{"line":31,"column":8},"end":{"line":31,"column":9}},"loc":{"start":{"line":31,"column":14},"end":{"line":33,"column":3}},"line":31},"1":{"name":"(anonymous_1)","decl":{"start":{"line":34,"column":9},"end":{"line":34,"column":10}},"loc":{"start":{"line":34,"column":15},"end":{"line":36,"column":3}},"line":34},"2":{"name":"(anonymous_2)","decl":{"start":{"line":40,"column":8},"end":{"line":40,"column":9}},"loc":{"start":{"line":40,"column":34},"end":{"line":43,"column":1}},"line":40},"3":{"name":"(anonymous_3)","decl":{"start":{"line":61,"column":8},"end":{"line":61,"column":9}},"loc":{"start":{"line":61,"column":34},"end":{"line":63,"column":1}},"line":61},"4":{"name":"(anonymous_4)","decl":{"start":{"line":66,"column":8},"end":{"line":66,"column":9}},"loc":{"start":{"line":66,"column":39},"end":{"line":74,"column":1}},"line":66}},"branchMap":{"0":{"loc":{"start":{"line":41,"column":20},"end":{"line":41,"column":36}},"type":"binary-expr","locations":[{"start":{"line":41,"column":20},"end":{"line":41,"column":28}},{"start":{"line":41,"column":32},"end":{"line":41,"column":36}}],"line":41},"1":{"loc":{"start":{"line":69,"column":21},"end":{"line":69,"column":68}},"type":"cond-expr","locations":[{"start":{"line":69,"column":60},"end":{"line":69,"column":63}},{"start":{"line":69,"column":66},"end":{"line":69,"column":68}}],"line":69},"2":{"loc":{"start":{"line":72,"column":13},"end":{"line":72,"column":30}},"type":"binary-expr","locations":[{"start":{"line":72,"column":13},"end":{"line":72,"column":23}},{"start":{"line":72,"column":27},"end":{"line":72,"column":30}}],"line":72}},"s":{"0":1,"1":1,"2":1,"3":1,"4":1,"5":1,"6":1,"7":1,"8":1,"9":1,"10":1,"11":1,"12":1,"13":1,"14":1,"15":1,"16":1,"17":1,"18":1,"19":0,"20":1,"21":1,"22":1,"23":1,"24":1,"25":1,"26":1,"27":1,"28":1,"29":1,"30":1,"31":1,"32":1,"33":1,"34":0,"35":1,"36":0,"37":0,"38":0,"39":0,"40":1},"f":{"0":1,"1":0,"2":1,"3":0,"4":0},"b":{"0":[1,1],"1":[0,0],"2":[0,0]},"_coverageSchema":"43e27e138ebf9cfc5966b082cf9a028302ed4184","hash":"a848659ef90f871892768094a185db4fd3e54ba2"}
,"/Users/nag-training/Desktop/example-apps/PM/config/passport.js": {"path":"/Users/nag-training/Desktop/example-apps/PM/config/passport.js","statementMap":{"0":{"start":{"line":2,"column":22},"end":{"line":2,"column":56}},"1":{"start":{"line":3,"column":17},"end":{"line":3,"column":36}},"2":{"start":{"line":4,"column":15},"end":{"line":4,"column":34}},"3":{"start":{"line":6,"column":13},"end":{"line":6,"column":37}},"4":{"start":{"line":8,"column":0},"end":{"line":34,"column":1}},"5":{"start":{"line":9,"column":4},"end":{"line":25,"column":8}},"6":{"start":{"line":10,"column":8},"end":{"line":24,"column":10}},"7":{"start":{"line":13,"column":12},"end":{"line":15,"column":13}},"8":{"start":{"line":14,"column":16},"end":{"line":14,"column":71}},"9":{"start":{"line":16,"column":12},"end":{"line":23,"column":14}},"10":{"start":{"line":17,"column":16},"end":{"line":17,"column":35}},"11":{"start":{"line":17,"column":25},"end":{"line":17,"column":35}},"12":{"start":{"line":18,"column":16},"end":{"line":22,"column":17}},"13":{"start":{"line":19,"column":20},"end":{"line":19,"column":44}},"14":{"start":{"line":21,"column":20},"end":{"line":21,"column":80}},"15":{"start":{"line":26,"column":4},"end":{"line":28,"column":7}},"16":{"start":{"line":27,"column":8},"end":{"line":27,"column":28}},"17":{"start":{"line":29,"column":4},"end":{"line":33,"column":7}},"18":{"start":{"line":30,"column":8},"end":{"line":32,"column":11}},"19":{"start":{"line":31,"column":12},"end":{"line":31,"column":28}}},"fnMap":{"0":{"name":"(anonymous_0)","decl":{"start":{"line":8,"column":17},"end":{"line":8,"column":18}},"loc":{"start":{"line":8,"column":37},"end":{"line":34,"column":1}},"line":8},"1":{"name":"(anonymous_1)","decl":{"start":{"line":9,"column":66},"end":{"line":9,"column":67}},"loc":{"start":{"line":9,"column":96},"end":{"line":25,"column":5}},"line":9},"2":{"name":"(anonymous_2)","decl":{"start":{"line":12,"column":16},"end":{"line":12,"column":17}},"loc":{"start":{"line":12,"column":24},"end":{"line":24,"column":9}},"line":12},"3":{"name":"(anonymous_3)","decl":{"start":{"line":16,"column":52},"end":{"line":16,"column":53}},"loc":{"start":{"line":16,"column":70},"end":{"line":23,"column":13}},"line":16},"4":{"name":"(anonymous_4)","decl":{"start":{"line":26,"column":27},"end":{"line":26,"column":28}},"loc":{"start":{"line":26,"column":49},"end":{"line":28,"column":5}},"line":26},"5":{"name":"(anonymous_5)","decl":{"start":{"line":29,"column":29},"end":{"line":29,"column":30}},"loc":{"start":{"line":29,"column":49},"end":{"line":33,"column":5}},"line":29},"6":{"name":"(anonymous_6)","decl":{"start":{"line":30,"column":26},"end":{"line":30,"column":27}},"loc":{"start":{"line":30,"column":47},"end":{"line":32,"column":9}},"line":30}},"branchMap":{"0":{"loc":{"start":{"line":13,"column":12},"end":{"line":15,"column":13}},"type":"if","locations":[{"start":{"line":13,"column":12},"end":{"line":15,"column":13}},{"start":{"line":13,"column":12},"end":{"line":15,"column":13}}],"line":13},"1":{"loc":{"start":{"line":17,"column":16},"end":{"line":17,"column":35}},"type":"if","locations":[{"start":{"line":17,"column":16},"end":{"line":17,"column":35}},{"start":{"line":17,"column":16},"end":{"line":17,"column":35}}],"line":17},"2":{"loc":{"start":{"line":18,"column":16},"end":{"line":22,"column":17}},"type":"if","locations":[{"start":{"line":18,"column":16},"end":{"line":22,"column":17}},{"start":{"line":18,"column":16},"end":{"line":22,"column":17}}],"line":18}},"s":{"0":1,"1":1,"2":1,"3":1,"4":1,"5":1,"6":0,"7":0,"8":0,"9":0,"10":0,"11":0,"12":0,"13":0,"14":0,"15":1,"16":0,"17":1,"18":0,"19":0},"f":{"0":1,"1":0,"2":0,"3":0,"4":0,"5":0,"6":0},"b":{"0":[0,0],"1":[0,0],"2":[0,0]},"_coverageSchema":"43e27e138ebf9cfc5966b082cf9a028302ed4184","hash":"d566c1a6d4c46920c3771029869d35f3756e2a14"}
,"/Users/nag-training/Desktop/example-apps/PM/helpers/auth.js": {"path":"/Users/nag-training/Desktop/example-apps/PM/helpers/auth.js","statementMap":{"0":{"start":{"line":1,"column":0},"end":{"line":8,"column":1}},"1":{"start":{"line":3,"column":8},"end":{"line":5,"column":9}},"2":{"start":{"line":4,"column":12},"end":{"line":4,"column":26}},"3":{"start":{"line":6,"column":8},"end":{"line":6,"column":37}}},"fnMap":{"0":{"name":"(anonymous_0)","decl":{"start":{"line":2,"column":25},"end":{"line":2,"column":26}},"loc":{"start":{"line":2,"column":51},"end":{"line":7,"column":5}},"line":2}},"branchMap":{"0":{"loc":{"start":{"line":3,"column":8},"end":{"line":5,"column":9}},"type":"if","locations":[{"start":{"line":3,"column":8},"end":{"line":5,"column":9}},{"start":{"line":3,"column":8},"end":{"line":5,"column":9}}],"line":3}},"s":{"0":1,"1":0,"2":0,"3":0},"f":{"0":0},"b":{"0":[0,0]},"_coverageSchema":"43e27e138ebf9cfc5966b082cf9a028302ed4184","hash":"e726cef9ad280afa01921ac9e6578a7f10c03f1a"}
,"/Users/nag-training/Desktop/example-apps/PM/model/Product.js": {"path":"/Users/nag-training/Desktop/example-apps/PM/model/Product.js","statementMap":{"0":{"start":{"line":2,"column":15},"end":{"line":2,"column":34}},"1":{"start":{"line":3,"column":15},"end":{"line":3,"column":30}},"2":{"start":{"line":5,"column":20},"end":{"line":11,"column":2}},"3":{"start":{"line":14,"column":14},"end":{"line":14,"column":64}},"4":{"start":{"line":15,"column":0},"end":{"line":15,"column":25}}},"fnMap":{},"branchMap":{},"s":{"0":1,"1":1,"2":1,"3":1,"4":1},"f":{},"b":{},"_coverageSchema":"43e27e138ebf9cfc5966b082cf9a028302ed4184","hash":"7fe54b1951fa61e68b2a3d113ba586d49f7c5ea1"}
,"/Users/nag-training/Desktop/example-apps/PM/model/User.js": {"path":"/Users/nag-training/Desktop/example-apps/PM/model/User.js","statementMap":{"0":{"start":{"line":2,"column":15},"end":{"line":2,"column":34}},"1":{"start":{"line":3,"column":13},"end":{"line":3,"column":28}},"2":{"start":{"line":5,"column":17},"end":{"line":17,"column":2}},"3":{"start":{"line":19,"column":0},"end":{"line":19,"column":52}}},"fnMap":{},"branchMap":{},"s":{"0":1,"1":1,"2":1,"3":1},"f":{},"b":{},"_coverageSchema":"43e27e138ebf9cfc5966b082cf9a028302ed4184","hash":"3d8079751f751707f495d56ee7907c39ef4297ac"}
,"/Users/nag-training/Desktop/example-apps/PM/routes/index.js": {"path":"/Users/nag-training/Desktop/example-apps/PM/routes/index.js","statementMap":{"0":{"start":{"line":1,"column":14},"end":{"line":1,"column":32}},"1":{"start":{"line":2,"column":13},"end":{"line":2,"column":29}},"2":{"start":{"line":5,"column":0},"end":{"line":7,"column":3}},"3":{"start":{"line":6,"column":2},"end":{"line":6,"column":17}},"4":{"start":{"line":9,"column":0},"end":{"line":9,"column":24}}},"fnMap":{"0":{"name":"(anonymous_0)","decl":{"start":{"line":5,"column":16},"end":{"line":5,"column":17}},"loc":{"start":{"line":5,"column":41},"end":{"line":7,"column":1}},"line":5}},"branchMap":{},"s":{"0":1,"1":1,"2":1,"3":1,"4":1},"f":{"0":1},"b":{},"_coverageSchema":"43e27e138ebf9cfc5966b082cf9a028302ed4184","hash":"b91894094447a846cd1999489d8b8b1865a0b19d"}
,"/Users/nag-training/Desktop/example-apps/PM/routes/products.js": {"path":"/Users/nag-training/Desktop/example-apps/PM/routes/products.js","statementMap":{"0":{"start":{"line":3,"column":14},"end":{"line":3,"column":32}},"1":{"start":{"line":4,"column":13},"end":{"line":4,"column":29}},"2":{"start":{"line":6,"column":14},"end":{"line":6,"column":41}},"3":{"start":{"line":8,"column":11},"end":{"line":8,"column":37}},"4":{"start":{"line":10,"column":0},"end":{"line":66,"column":6}},"5":{"start":{"line":12,"column":8},"end":{"line":12,"column":35}},"6":{"start":{"line":15,"column":8},"end":{"line":18,"column":14}},"7":{"start":{"line":17,"column":16},"end":{"line":17,"column":57}},"8":{"start":{"line":21,"column":17},"end":{"line":21,"column":30}},"9":{"start":{"line":22,"column":8},"end":{"line":26,"column":14}},"10":{"start":{"line":25,"column":16},"end":{"line":25,"column":41}},"11":{"start":{"line":29,"column":17},"end":{"line":29,"column":30}},"12":{"start":{"line":30,"column":21},"end":{"line":30,"column":37}},"13":{"start":{"line":31,"column":8},"end":{"line":31,"column":28}},"14":{"start":{"line":32,"column":8},"end":{"line":43,"column":9}},"15":{"start":{"line":33,"column":12},"end":{"line":37,"column":18}},"16":{"start":{"line":36,"column":20},"end":{"line":36,"column":45}},"17":{"start":{"line":39,"column":12},"end":{"line":42,"column":18}},"18":{"start":{"line":41,"column":20},"end":{"line":41,"column":37}},"19":{"start":{"line":46,"column":19},"end":{"line":46,"column":27}},"20":{"start":{"line":47,"column":24},"end":{"line":47,"column":41}},"21":{"start":{"line":48,"column":8},"end":{"line":52,"column":14}},"22":{"start":{"line":51,"column":16},"end":{"line":51,"column":41}},"23":{"start":{"line":55,"column":23},"end":{"line":55,"column":31}},"24":{"start":{"line":56,"column":17},"end":{"line":56,"column":30}},"25":{"start":{"line":57,"column":8},"end":{"line":65,"column":14}},"26":{"start":{"line":59,"column":16},"end":{"line":59,"column":45}},"27":{"start":{"line":60,"column":16},"end":{"line":60,"column":46}},"28":{"start":{"line":61,"column":16},"end":{"line":64,"column":22}},"29":{"start":{"line":63,"column":24},"end":{"line":63,"column":41}},"30":{"start":{"line":70,"column":0},"end":{"line":70,"column":24}}},"fnMap":{"0":{"name":"(anonymous_0)","decl":{"start":{"line":11,"column":17},"end":{"line":11,"column":18}},"loc":{"start":{"line":11,"column":37},"end":{"line":13,"column":5}},"line":11},"1":{"name":"(anonymous_1)","decl":{"start":{"line":14,"column":45},"end":{"line":14,"column":46}},"loc":{"start":{"line":14,"column":71},"end":{"line":19,"column":5}},"line":14},"2":{"name":"(anonymous_2)","decl":{"start":{"line":16,"column":18},"end":{"line":16,"column":19}},"loc":{"start":{"line":16,"column":30},"end":{"line":18,"column":13}},"line":16},"3":{"name":"(anonymous_3)","decl":{"start":{"line":20,"column":20},"end":{"line":20,"column":21}},"loc":{"start":{"line":20,"column":34},"end":{"line":27,"column":5}},"line":20},"4":{"name":"(anonymous_4)","decl":{"start":{"line":23,"column":18},"end":{"line":23,"column":19}},"loc":{"start":{"line":23,"column":24},"end":{"line":26,"column":13}},"line":23},"5":{"name":"(anonymous_5)","decl":{"start":{"line":28,"column":17},"end":{"line":28,"column":18}},"loc":{"start":{"line":28,"column":31},"end":{"line":44,"column":5}},"line":28},"6":{"name":"(anonymous_6)","decl":{"start":{"line":34,"column":22},"end":{"line":34,"column":23}},"loc":{"start":{"line":34,"column":28},"end":{"line":37,"column":17}},"line":34},"7":{"name":"(anonymous_7)","decl":{"start":{"line":40,"column":22},"end":{"line":40,"column":23}},"loc":{"start":{"line":40,"column":33},"end":{"line":42,"column":17}},"line":40},"8":{"name":"(anonymous_8)","decl":{"start":{"line":45,"column":15},"end":{"line":45,"column":16}},"loc":{"start":{"line":45,"column":35},"end":{"line":53,"column":5}},"line":45},"9":{"name":"(anonymous_9)","decl":{"start":{"line":49,"column":18},"end":{"line":49,"column":19}},"loc":{"start":{"line":49,"column":29},"end":{"line":52,"column":13}},"line":49},"10":{"name":"(anonymous_10)","decl":{"start":{"line":54,"column":17},"end":{"line":54,"column":18}},"loc":{"start":{"line":54,"column":37},"end":{"line":66,"column":5}},"line":54},"11":{"name":"(anonymous_11)","decl":{"start":{"line":58,"column":18},"end":{"line":58,"column":19}},"loc":{"start":{"line":58,"column":29},"end":{"line":65,"column":13}},"line":58},"12":{"name":"(anonymous_12)","decl":{"start":{"line":62,"column":26},"end":{"line":62,"column":27}},"loc":{"start":{"line":62,"column":39},"end":{"line":64,"column":21}},"line":62}},"branchMap":{"0":{"loc":{"start":{"line":32,"column":8},"end":{"line":43,"column":9}},"type":"if","locations":[{"start":{"line":32,"column":8},"end":{"line":43,"column":9}},{"start":{"line":32,"column":8},"end":{"line":43,"column":9}}],"line":32}},"s":{"0":1,"1":1,"2":1,"3":1,"4":1,"5":0,"6":0,"7":0,"8":0,"9":0,"10":0,"11":0,"12":0,"13":0,"14":0,"15":0,"16":0,"17":0,"18":0,"19":0,"20":0,"21":0,"22":0,"23":0,"24":0,"25":0,"26":0,"27":0,"28":0,"29":0,"30":1},"f":{"0":0,"1":0,"2":0,"3":0,"4":0,"5":0,"6":0,"7":0,"8":0,"9":0,"10":0,"11":0,"12":0},"b":{"0":[0,0]},"_coverageSchema":"43e27e138ebf9cfc5966b082cf9a028302ed4184","hash":"d3871c048f7310dcfd1c0f0abcc892af0e1ce842"}
,"/Users/nag-training/Desktop/example-apps/PM/routes/users.js": {"path":"/Users/nag-training/Desktop/example-apps/PM/routes/users.js","statementMap":{"0":{"start":{"line":1,"column":14},"end":{"line":1,"column":32}},"1":{"start":{"line":2,"column":13},"end":{"line":2,"column":29}},"2":{"start":{"line":3,"column":11},"end":{"line":3,"column":35}},"3":{"start":{"line":4,"column":17},"end":{"line":4,"column":36}},"4":{"start":{"line":5,"column":15},"end":{"line":5,"column":34}},"5":{"start":{"line":7,"column":0},"end":{"line":9,"column":3}},"6":{"start":{"line":8,"column":2},"end":{"line":8,"column":36}},"7":{"start":{"line":11,"column":0},"end":{"line":13,"column":3}},"8":{"start":{"line":12,"column":2},"end":{"line":12,"column":33}},"9":{"start":{"line":16,"column":0},"end":{"line":22,"column":3}},"10":{"start":{"line":17,"column":2},"end":{"line":21,"column":21}},"11":{"start":{"line":24,"column":0},"end":{"line":27,"column":2}},"12":{"start":{"line":25,"column":2},"end":{"line":25,"column":15}},"13":{"start":{"line":26,"column":2},"end":{"line":26,"column":19}},"14":{"start":{"line":29,"column":0},"end":{"line":44,"column":3}},"15":{"start":{"line":30,"column":13},"end":{"line":30,"column":21}},"16":{"start":{"line":31,"column":21},"end":{"line":31,"column":23}},"17":{"start":{"line":32,"column":30},"end":{"line":32,"column":43}},"18":{"start":{"line":33,"column":2},"end":{"line":43,"column":5}},"19":{"start":{"line":34,"column":4},"end":{"line":42,"column":7}},"20":{"start":{"line":35,"column":20},"end":{"line":35,"column":34}},"21":{"start":{"line":36,"column":6},"end":{"line":36,"column":30}},"22":{"start":{"line":37,"column":6},"end":{"line":41,"column":10}},"23":{"start":{"line":40,"column":10},"end":{"line":40,"column":38}},"24":{"start":{"line":48,"column":0},"end":{"line":48,"column":24}}},"fnMap":{"0":{"name":"(anonymous_0)","decl":{"start":{"line":7,"column":24},"end":{"line":7,"column":25}},"loc":{"start":{"line":7,"column":50},"end":{"line":9,"column":1}},"line":7},"1":{"name":"(anonymous_1)","decl":{"start":{"line":11,"column":21},"end":{"line":11,"column":22}},"loc":{"start":{"line":11,"column":47},"end":{"line":13,"column":1}},"line":11},"2":{"name":"(anonymous_2)","decl":{"start":{"line":16,"column":22},"end":{"line":16,"column":23}},"loc":{"start":{"line":16,"column":48},"end":{"line":22,"column":1}},"line":16},"3":{"name":"(anonymous_3)","decl":{"start":{"line":24,"column":22},"end":{"line":24,"column":23}},"loc":{"start":{"line":24,"column":42},"end":{"line":27,"column":1}},"line":24},"4":{"name":"(anonymous_4)","decl":{"start":{"line":29,"column":25},"end":{"line":29,"column":26}},"loc":{"start":{"line":29,"column":51},"end":{"line":44,"column":1}},"line":29},"5":{"name":"(anonymous_5)","decl":{"start":{"line":33,"column":29},"end":{"line":33,"column":30}},"loc":{"start":{"line":33,"column":50},"end":{"line":43,"column":3}},"line":33},"6":{"name":"(anonymous_6)","decl":{"start":{"line":34,"column":43},"end":{"line":34,"column":44}},"loc":{"start":{"line":34,"column":64},"end":{"line":42,"column":5}},"line":34},"7":{"name":"(anonymous_7)","decl":{"start":{"line":38,"column":14},"end":{"line":38,"column":15}},"loc":{"start":{"line":38,"column":20},"end":{"line":41,"column":9}},"line":38}},"branchMap":{},"s":{"0":1,"1":1,"2":1,"3":1,"4":1,"5":1,"6":0,"7":1,"8":0,"9":1,"10":0,"11":1,"12":0,"13":0,"14":1,"15":0,"16":0,"17":0,"18":0,"19":0,"20":0,"21":0,"22":0,"23":0,"24":1},"f":{"0":0,"1":0,"2":0,"3":0,"4":0,"5":0,"6":0,"7":0},"b":{},"_coverageSchema":"43e27e138ebf9cfc5966b082cf9a028302ed4184","hash":"c51a7e29798924335a6a8c523eb722c0d5c71521"}
}
